<?xml version="1.0" encoding="UTF-8"?>
<!-- Generated by org.testng.reporters.JUnitReportReporter -->
<testsuite hostname="MiaoXiang-PC" name="WFTest.WFTest" tests="1" failures="0" timestamp="23 Jun 2015 07:40:46 GMT" time="3.863" errors="0">
  <testcase name="TestCase" time="3.863" classname="WFTest.WFTest"/>
</testsuite> <!-- WFTest.WFTest -->
